2023-04-25T15:23:56.974+05:30  INFO 5640 --- [restartedMain] c.pms.AuthenticationServiceApplication   : Starting AuthenticationServiceApplication using Java 17.0.6 with PID 5640 (C:\Users\kushw\Documents\g2-capstone-backend-services\g2-authentication-service\target\classes started by kushw in C:\Users\kushw\Documents\g2-capstone-backend-services\g2-authentication-service)
2023-04-25T15:23:56.985+05:30  INFO 5640 --- [restartedMain] c.pms.AuthenticationServiceApplication   : The following 1 profile is active: "production"
2023-04-25T15:23:57.064+05:30  INFO 5640 --- [restartedMain] .e.DevToolsPropertyDefaultsPostProcessor : For additional web related logging consider setting the 'logging.level.web' property to 'DEBUG'
2023-04-25T15:23:58.669+05:30  INFO 5640 --- [restartedMain] .s.d.r.c.RepositoryConfigurationDelegate : Bootstrapping Spring Data JPA repositories in DEFAULT mode.
2023-04-25T15:23:58.913+05:30  INFO 5640 --- [restartedMain] .s.d.r.c.RepositoryConfigurationDelegate : Finished Spring Data repository scanning in 232 ms. Found 1 JPA repository interfaces.
2023-04-25T15:23:59.439+05:30  INFO 5640 --- [restartedMain] trationDelegate$BeanPostProcessorChecker : Bean 'org.springframework.ws.config.annotation.DelegatingWsConfiguration' of type [org.springframework.ws.config.annotation.DelegatingWsConfiguration$$SpringCGLIB$$0] is not eligible for getting processed by all BeanPostProcessors (for example: not eligible for auto-proxying)
2023-04-25T15:23:59.507+05:30  INFO 5640 --- [restartedMain] .w.s.a.s.AnnotationActionEndpointMapping : Supporting [WS-Addressing August 2004, WS-Addressing 1.0]
2023-04-25T15:24:00.204+05:30  INFO 5640 --- [restartedMain] o.s.b.w.embedded.tomcat.TomcatWebServer  : Tomcat initialized with port(s): 9004 (http)
2023-04-25T15:24:00.221+05:30  INFO 5640 --- [restartedMain] o.apache.catalina.core.StandardService   : Starting service [Tomcat]
2023-04-25T15:24:00.222+05:30  INFO 5640 --- [restartedMain] o.apache.catalina.core.StandardEngine    : Starting Servlet engine: [Apache Tomcat/10.1.7]
2023-04-25T15:24:00.353+05:30  INFO 5640 --- [restartedMain] o.a.c.c.C.[Tomcat].[localhost].[/]       : Initializing Spring embedded WebApplicationContext
2023-04-25T15:24:00.366+05:30  INFO 5640 --- [restartedMain] w.s.c.ServletWebServerApplicationContext : Root WebApplicationContext: initialization completed in 3301 ms
2023-04-25T15:24:01.386+05:30  INFO 5640 --- [restartedMain] com.zaxxer.hikari.HikariDataSource       : HikariPool-1 - Starting...
2023-04-25T15:24:02.148+05:30  INFO 5640 --- [restartedMain] com.zaxxer.hikari.pool.HikariPool        : HikariPool-1 - Added connection com.mysql.cj.jdbc.ConnectionImpl@3a372470
2023-04-25T15:24:02.148+05:30  INFO 5640 --- [restartedMain] com.zaxxer.hikari.HikariDataSource       : HikariPool-1 - Start completed.
2023-04-25T15:24:02.200+05:30  INFO 5640 --- [restartedMain] SQL dialect                              : HHH000400: Using dialect: org.hibernate.dialect.MySQL8Dialect
2023-04-25T15:24:03.512+05:30  INFO 5640 --- [restartedMain] j.LocalContainerEntityManagerFactoryBean : Initialized JPA EntityManagerFactory for persistence unit 'default'
2023-04-25T15:24:04.521+05:30  WARN 5640 --- [restartedMain] JpaBaseConfiguration$JpaWebConfiguration : spring.jpa.open-in-view is enabled by default. Therefore, database queries may be performed during view rendering. Explicitly configure spring.jpa.open-in-view to disable this warning
2023-04-25T15:24:07.984+05:30  WARN 5640 --- [restartedMain] o.s.b.d.a.OptionalLiveReloadServer       : Unable to start LiveReload server
2023-04-25T15:24:08.010+05:30  INFO 5640 --- [restartedMain] o.s.b.a.e.web.EndpointLinksResolver      : Exposing 1 endpoint(s) beneath base path '/actuator'
2023-04-25T15:24:08.202+05:30  INFO 5640 --- [restartedMain] o.s.b.w.embedded.tomcat.TomcatWebServer  : Tomcat started on port(s): 9004 (http) with context path ''
2023-04-25T15:24:08.238+05:30  INFO 5640 --- [restartedMain] c.pms.AuthenticationServiceApplication   : Started AuthenticationServiceApplication in 11.826 seconds (process running for 14.383)
2023-04-25T15:24:09.244+05:30  INFO 5640 --- [RMI TCP Connection(10)-127.0.0.1] o.a.c.c.C.[Tomcat].[localhost].[/]       : Initializing Spring DispatcherServlet 'dispatcherServlet'
2023-04-25T15:24:09.244+05:30  INFO 5640 --- [RMI TCP Connection(10)-127.0.0.1] o.s.web.servlet.DispatcherServlet        : Initializing Servlet 'dispatcherServlet'
2023-04-25T15:24:09.247+05:30  INFO 5640 --- [RMI TCP Connection(10)-127.0.0.1] o.s.web.servlet.DispatcherServlet        : Completed initialization in 3 ms
2023-04-25T15:25:12.961+05:30  INFO 5640 --- [http-nio-9004-exec-9] o.springdoc.api.AbstractOpenApiResource  : Init duration for springdoc-openapi is: 624 ms
2023-04-25T16:18:28.757+05:30  INFO 5640 --- [File Watcher] rtingClassPathChangeChangedEventListener : Restarting due to 2 class path changes (0 additions, 0 deletions, 2 modifications)
2023-04-25T16:18:29.123+05:30  INFO 5640 --- [Thread-1] o.apache.catalina.core.StandardService   : Stopping service [Tomcat]
2023-04-25T16:18:29.144+05:30  INFO 5640 --- [Thread-1] o.a.c.c.C.[Tomcat].[localhost].[/]       : Destroying Spring FrameworkServlet 'dispatcherServlet'
2023-04-25T16:18:29.501+05:30  INFO 5640 --- [Thread-1] j.LocalContainerEntityManagerFactoryBean : Closing JPA EntityManagerFactory for persistence unit 'default'
2023-04-25T16:18:29.556+05:30  INFO 5640 --- [Thread-1] com.zaxxer.hikari.HikariDataSource       : HikariPool-1 - Shutdown initiated...
2023-04-25T16:18:29.568+05:30  INFO 5640 --- [Thread-1] com.zaxxer.hikari.HikariDataSource       : HikariPool-1 - Shutdown completed.
2023-04-25T16:18:30.068+05:30  INFO 5640 --- [restartedMain] c.pms.AuthenticationServiceApplication   : Starting AuthenticationServiceApplication using Java 17.0.6 with PID 5640 (C:\Users\kushw\Documents\g2-capstone-backend-services\g2-authentication-service\target\classes started by kushw in C:\Users\kushw\Documents\g2-capstone-backend-services\g2-authentication-service)
2023-04-25T16:18:30.069+05:30  INFO 5640 --- [restartedMain] c.pms.AuthenticationServiceApplication   : The following 1 profile is active: "production"
2023-04-25T16:18:30.832+05:30  INFO 5640 --- [restartedMain] .s.d.r.c.RepositoryConfigurationDelegate : Bootstrapping Spring Data JPA repositories in DEFAULT mode.
2023-04-25T16:18:30.852+05:30  INFO 5640 --- [restartedMain] .s.d.r.c.RepositoryConfigurationDelegate : Finished Spring Data repository scanning in 19 ms. Found 1 JPA repository interfaces.
2023-04-25T16:18:30.974+05:30  INFO 5640 --- [restartedMain] trationDelegate$BeanPostProcessorChecker : Bean 'org.springframework.ws.config.annotation.DelegatingWsConfiguration' of type [org.springframework.ws.config.annotation.DelegatingWsConfiguration$$SpringCGLIB$$0] is not eligible for getting processed by all BeanPostProcessors (for example: not eligible for auto-proxying)
2023-04-25T16:18:30.980+05:30  INFO 5640 --- [restartedMain] .w.s.a.s.AnnotationActionEndpointMapping : Supporting [WS-Addressing August 2004, WS-Addressing 1.0]
2023-04-25T16:18:31.257+05:30  INFO 5640 --- [restartedMain] o.s.b.w.embedded.tomcat.TomcatWebServer  : Tomcat initialized with port(s): 9004 (http)
2023-04-25T16:18:31.258+05:30  INFO 5640 --- [restartedMain] o.apache.catalina.core.StandardService   : Starting service [Tomcat]
2023-04-25T16:18:31.258+05:30  INFO 5640 --- [restartedMain] o.apache.catalina.core.StandardEngine    : Starting Servlet engine: [Apache Tomcat/10.1.7]
2023-04-25T16:18:31.297+05:30  INFO 5640 --- [restartedMain] o.a.c.c.C.[Tomcat].[localhost].[/]       : Initializing Spring embedded WebApplicationContext
2023-04-25T16:18:31.298+05:30  INFO 5640 --- [restartedMain] w.s.c.ServletWebServerApplicationContext : Root WebApplicationContext: initialization completed in 1224 ms
2023-04-25T16:18:31.625+05:30  INFO 5640 --- [restartedMain] com.zaxxer.hikari.HikariDataSource       : HikariPool-2 - Starting...
2023-04-25T16:18:32.258+05:30  INFO 5640 --- [restartedMain] com.zaxxer.hikari.pool.HikariPool        : HikariPool-2 - Added connection com.mysql.cj.jdbc.ConnectionImpl@5cbf39ac
2023-04-25T16:18:32.258+05:30  INFO 5640 --- [restartedMain] com.zaxxer.hikari.HikariDataSource       : HikariPool-2 - Start completed.
2023-04-25T16:18:32.259+05:30  INFO 5640 --- [restartedMain] SQL dialect                              : HHH000400: Using dialect: org.hibernate.dialect.MySQL8Dialect
2023-04-25T16:18:32.455+05:30  INFO 5640 --- [restartedMain] j.LocalContainerEntityManagerFactoryBean : Initialized JPA EntityManagerFactory for persistence unit 'default'
2023-04-25T16:18:33.158+05:30  WARN 5640 --- [restartedMain] JpaBaseConfiguration$JpaWebConfiguration : spring.jpa.open-in-view is enabled by default. Therefore, database queries may be performed during view rendering. Explicitly configure spring.jpa.open-in-view to disable this warning
2023-04-25T16:18:35.278+05:30  WARN 5640 --- [restartedMain] o.s.b.d.a.OptionalLiveReloadServer       : Unable to start LiveReload server
2023-04-25T16:18:35.297+05:30  INFO 5640 --- [restartedMain] o.s.b.a.e.web.EndpointLinksResolver      : Exposing 1 endpoint(s) beneath base path '/actuator'
2023-04-25T16:18:35.352+05:30  INFO 5640 --- [restartedMain] o.s.b.w.embedded.tomcat.TomcatWebServer  : Tomcat started on port(s): 9004 (http) with context path ''
2023-04-25T16:18:35.371+05:30  INFO 5640 --- [restartedMain] c.pms.AuthenticationServiceApplication   : Started AuthenticationServiceApplication in 5.378 seconds (process running for 3281.517)
2023-04-25T16:18:35.375+05:30  INFO 5640 --- [restartedMain] .ConditionEvaluationDeltaLoggingListener : Condition evaluation unchanged
2023-04-25T16:19:34.025+05:30  INFO 5640 --- [http-nio-9004-exec-1] o.a.c.c.C.[Tomcat].[localhost].[/]       : Initializing Spring DispatcherServlet 'dispatcherServlet'
2023-04-25T16:19:34.026+05:30  INFO 5640 --- [http-nio-9004-exec-1] o.s.web.servlet.DispatcherServlet        : Initializing Servlet 'dispatcherServlet'
2023-04-25T16:19:34.029+05:30  INFO 5640 --- [http-nio-9004-exec-1] o.s.web.servlet.DispatcherServlet        : Completed initialization in 3 ms
2023-04-25T16:19:34.302+05:30  WARN 5640 --- [http-nio-9004-exec-1] o.a.c.util.SessionIdGeneratorBase        : Creation of SecureRandom instance for session ID generation using [SHA1PRNG] took [232] milliseconds.
2023-04-25T16:20:26.233+05:30  INFO 5640 --- [File Watcher] rtingClassPathChangeChangedEventListener : Restarting due to 19 class path changes (0 additions, 16 deletions, 3 modifications)
2023-04-25T16:20:26.256+05:30  INFO 5640 --- [Thread-5] o.apache.catalina.core.StandardService   : Stopping service [Tomcat]
2023-04-25T16:20:26.257+05:30  INFO 5640 --- [Thread-5] o.a.c.c.C.[Tomcat].[localhost].[/]       : Destroying Spring FrameworkServlet 'dispatcherServlet'
2023-04-25T16:20:26.270+05:30  INFO 5640 --- [Thread-5] j.LocalContainerEntityManagerFactoryBean : Closing JPA EntityManagerFactory for persistence unit 'default'
2023-04-25T16:20:26.272+05:30  INFO 5640 --- [Thread-5] com.zaxxer.hikari.HikariDataSource       : HikariPool-2 - Shutdown initiated...
2023-04-25T16:20:26.275+05:30  INFO 5640 --- [Thread-5] com.zaxxer.hikari.HikariDataSource       : HikariPool-2 - Shutdown completed.
2023-04-25T16:20:26.469+05:30  INFO 5640 --- [restartedMain] c.pms.AuthenticationServiceApplication   : Starting AuthenticationServiceApplication using Java 17.0.6 with PID 5640 (C:\Users\kushw\Documents\g2-capstone-backend-services\g2-authentication-service\target\classes started by kushw in C:\Users\kushw\Documents\g2-capstone-backend-services\g2-authentication-service)
2023-04-25T16:20:26.469+05:30  INFO 5640 --- [restartedMain] c.pms.AuthenticationServiceApplication   : The following 1 profile is active: "production"
2023-04-25T16:20:27.463+05:30  INFO 5640 --- [restartedMain] .s.d.r.c.RepositoryConfigurationDelegate : Bootstrapping Spring Data JPA repositories in DEFAULT mode.
2023-04-25T16:20:27.472+05:30  INFO 5640 --- [restartedMain] .s.d.r.c.RepositoryConfigurationDelegate : Finished Spring Data repository scanning in 8 ms. Found 0 JPA repository interfaces.
2023-04-25T16:20:27.709+05:30  INFO 5640 --- [restartedMain] trationDelegate$BeanPostProcessorChecker : Bean 'org.springframework.ws.config.annotation.DelegatingWsConfiguration' of type [org.springframework.ws.config.annotation.DelegatingWsConfiguration$$SpringCGLIB$$0] is not eligible for getting processed by all BeanPostProcessors (for example: not eligible for auto-proxying)
2023-04-25T16:20:27.714+05:30  INFO 5640 --- [restartedMain] .w.s.a.s.AnnotationActionEndpointMapping : Supporting [WS-Addressing August 2004, WS-Addressing 1.0]
2023-04-25T16:20:28.047+05:30  INFO 5640 --- [restartedMain] o.s.b.w.embedded.tomcat.TomcatWebServer  : Tomcat initialized with port(s): 9004 (http)
2023-04-25T16:20:28.048+05:30  INFO 5640 --- [restartedMain] o.apache.catalina.core.StandardService   : Starting service [Tomcat]
2023-04-25T16:20:28.049+05:30  INFO 5640 --- [restartedMain] o.apache.catalina.core.StandardEngine    : Starting Servlet engine: [Apache Tomcat/10.1.7]
2023-04-25T16:20:28.104+05:30  INFO 5640 --- [restartedMain] o.a.c.c.C.[Tomcat].[localhost].[/]       : Initializing Spring embedded WebApplicationContext
2023-04-25T16:20:28.105+05:30  INFO 5640 --- [restartedMain] w.s.c.ServletWebServerApplicationContext : Root WebApplicationContext: initialization completed in 1633 ms
2023-04-25T16:20:28.624+05:30  INFO 5640 --- [restartedMain] com.zaxxer.hikari.HikariDataSource       : HikariPool-3 - Starting...
2023-04-25T16:20:30.421+05:30  INFO 5640 --- [restartedMain] com.zaxxer.hikari.pool.HikariPool        : HikariPool-3 - Added connection com.mysql.cj.jdbc.ConnectionImpl@3e052ea4
2023-04-25T16:20:30.421+05:30  INFO 5640 --- [restartedMain] com.zaxxer.hikari.HikariDataSource       : HikariPool-3 - Start completed.
2023-04-25T16:20:30.422+05:30  INFO 5640 --- [restartedMain] SQL dialect                              : HHH000400: Using dialect: org.hibernate.dialect.MySQL8Dialect
2023-04-25T16:20:30.440+05:30  INFO 5640 --- [restartedMain] j.LocalContainerEntityManagerFactoryBean : Initialized JPA EntityManagerFactory for persistence unit 'default'
2023-04-25T16:20:31.181+05:30  WARN 5640 --- [restartedMain] JpaBaseConfiguration$JpaWebConfiguration : spring.jpa.open-in-view is enabled by default. Therefore, database queries may be performed during view rendering. Explicitly configure spring.jpa.open-in-view to disable this warning
2023-04-25T16:20:34.499+05:30  WARN 5640 --- [restartedMain] o.s.b.d.a.OptionalLiveReloadServer       : Unable to start LiveReload server
2023-04-25T16:20:34.530+05:30  INFO 5640 --- [restartedMain] o.s.b.a.e.web.EndpointLinksResolver      : Exposing 1 endpoint(s) beneath base path '/actuator'
2023-04-25T16:20:34.614+05:30  INFO 5640 --- [restartedMain] o.s.b.w.embedded.tomcat.TomcatWebServer  : Tomcat started on port(s): 9004 (http) with context path ''
2023-04-25T16:20:34.647+05:30  INFO 5640 --- [restartedMain] c.pms.AuthenticationServiceApplication   : Started AuthenticationServiceApplication in 8.235 seconds (process running for 3400.793)
2023-04-25T16:20:34.651+05:30  INFO 5640 --- [restartedMain] .ConditionEvaluationDeltaLoggingListener : Condition evaluation unchanged
2023-04-25T16:20:35.084+05:30  INFO 4600 --- [main] .p.AuthenticationServiceApplicationTests : Starting AuthenticationServiceApplicationTests using Java 19.0.1 with PID 4600 (started by kushw in C:\Users\kushw\Documents\g2-capstone-backend-services\g2-authentication-service)
2023-04-25T16:20:35.086+05:30  INFO 4600 --- [main] .p.AuthenticationServiceApplicationTests : The following 1 profile is active: "production"
2023-04-25T16:20:35.934+05:30  INFO 5640 --- [File Watcher] rtingClassPathChangeChangedEventListener : Restarting due to 14 class path changes (14 additions, 0 deletions, 0 modifications)
2023-04-25T16:20:35.954+05:30  INFO 5640 --- [Thread-9] o.apache.catalina.core.StandardService   : Stopping service [Tomcat]
2023-04-25T16:20:35.962+05:30  INFO 5640 --- [Thread-9] j.LocalContainerEntityManagerFactoryBean : Closing JPA EntityManagerFactory for persistence unit 'default'
2023-04-25T16:20:35.964+05:30  INFO 5640 --- [Thread-9] com.zaxxer.hikari.HikariDataSource       : HikariPool-3 - Shutdown initiated...
2023-04-25T16:20:36.763+05:30  INFO 5640 --- [Thread-9] com.zaxxer.hikari.HikariDataSource       : HikariPool-3 - Shutdown completed.
2023-04-25T16:20:36.914+05:30  INFO 5640 --- [restartedMain] c.pms.AuthenticationServiceApplication   : Starting AuthenticationServiceApplication using Java 17.0.6 with PID 5640 (C:\Users\kushw\Documents\g2-capstone-backend-services\g2-authentication-service\target\classes started by kushw in C:\Users\kushw\Documents\g2-capstone-backend-services\g2-authentication-service)
2023-04-25T16:20:36.914+05:30  INFO 5640 --- [restartedMain] c.pms.AuthenticationServiceApplication   : The following 1 profile is active: "production"
2023-04-25T16:20:37.275+05:30  INFO 4600 --- [main] .s.d.r.c.RepositoryConfigurationDelegate : Bootstrapping Spring Data JPA repositories in DEFAULT mode.
2023-04-25T16:20:37.630+05:30  INFO 4600 --- [main] .s.d.r.c.RepositoryConfigurationDelegate : Finished Spring Data repository scanning in 330 ms. Found 1 JPA repository interfaces.
2023-04-25T16:20:37.915+05:30  INFO 5640 --- [restartedMain] .s.d.r.c.RepositoryConfigurationDelegate : Bootstrapping Spring Data JPA repositories in DEFAULT mode.
2023-04-25T16:20:37.933+05:30  INFO 5640 --- [restartedMain] .s.d.r.c.RepositoryConfigurationDelegate : Finished Spring Data repository scanning in 16 ms. Found 1 JPA repository interfaces.
2023-04-25T16:20:38.080+05:30  INFO 5640 --- [restartedMain] trationDelegate$BeanPostProcessorChecker : Bean 'org.springframework.ws.config.annotation.DelegatingWsConfiguration' of type [org.springframework.ws.config.annotation.DelegatingWsConfiguration$$SpringCGLIB$$0] is not eligible for getting processed by all BeanPostProcessors (for example: not eligible for auto-proxying)
2023-04-25T16:20:38.086+05:30  INFO 5640 --- [restartedMain] .w.s.a.s.AnnotationActionEndpointMapping : Supporting [WS-Addressing August 2004, WS-Addressing 1.0]
2023-04-25T16:20:38.601+05:30  INFO 5640 --- [restartedMain] o.s.b.w.embedded.tomcat.TomcatWebServer  : Tomcat initialized with port(s): 9004 (http)
2023-04-25T16:20:38.602+05:30  INFO 5640 --- [restartedMain] o.apache.catalina.core.StandardService   : Starting service [Tomcat]
2023-04-25T16:20:38.602+05:30  INFO 5640 --- [restartedMain] o.apache.catalina.core.StandardEngine    : Starting Servlet engine: [Apache Tomcat/10.1.7]
2023-04-25T16:20:38.693+05:30  INFO 5640 --- [restartedMain] o.a.c.c.C.[Tomcat].[localhost].[/]       : Initializing Spring embedded WebApplicationContext
2023-04-25T16:20:38.697+05:30  INFO 5640 --- [restartedMain] w.s.c.ServletWebServerApplicationContext : Root WebApplicationContext: initialization completed in 1779 ms
2023-04-25T16:20:38.714+05:30  INFO 4600 --- [main] trationDelegate$BeanPostProcessorChecker : Bean 'org.springframework.ws.config.annotation.DelegatingWsConfiguration' of type [org.springframework.ws.config.annotation.DelegatingWsConfiguration$$SpringCGLIB$$0] is not eligible for getting processed by all BeanPostProcessors (for example: not eligible for auto-proxying)
2023-04-25T16:20:38.816+05:30  INFO 4600 --- [main] .w.s.a.s.AnnotationActionEndpointMapping : Supporting [WS-Addressing August 2004, WS-Addressing 1.0]
2023-04-25T16:20:39.205+05:30  INFO 5640 --- [restartedMain] com.zaxxer.hikari.HikariDataSource       : HikariPool-4 - Starting...
2023-04-25T16:20:40.498+05:30  INFO 5640 --- [restartedMain] com.zaxxer.hikari.pool.HikariPool        : HikariPool-4 - Added connection com.mysql.cj.jdbc.ConnectionImpl@794f766f
2023-04-25T16:20:40.498+05:30  INFO 5640 --- [restartedMain] com.zaxxer.hikari.HikariDataSource       : HikariPool-4 - Start completed.
2023-04-25T16:20:40.499+05:30  INFO 5640 --- [restartedMain] SQL dialect                              : HHH000400: Using dialect: org.hibernate.dialect.MySQL8Dialect
2023-04-25T16:20:40.672+05:30  INFO 4600 --- [main] com.zaxxer.hikari.HikariDataSource       : HikariPool-1 - Starting...
2023-04-25T16:20:40.835+05:30  INFO 5640 --- [restartedMain] j.LocalContainerEntityManagerFactoryBean : Initialized JPA EntityManagerFactory for persistence unit 'default'
2023-04-25T16:20:41.366+05:30  WARN 5640 --- [restartedMain] JpaBaseConfiguration$JpaWebConfiguration : spring.jpa.open-in-view is enabled by default. Therefore, database queries may be performed during view rendering. Explicitly configure spring.jpa.open-in-view to disable this warning
2023-04-25T16:20:42.301+05:30  INFO 4600 --- [main] com.zaxxer.hikari.pool.HikariPool        : HikariPool-1 - Added connection com.mysql.cj.jdbc.ConnectionImpl@13d5606c
2023-04-25T16:20:42.305+05:30  INFO 4600 --- [main] com.zaxxer.hikari.HikariDataSource       : HikariPool-1 - Start completed.
2023-04-25T16:20:42.349+05:30  INFO 4600 --- [main] SQL dialect                              : HHH000400: Using dialect: org.hibernate.dialect.MySQL8Dialect
2023-04-25T16:20:43.789+05:30  WARN 5640 --- [restartedMain] o.s.b.d.a.OptionalLiveReloadServer       : Unable to start LiveReload server
2023-04-25T16:20:43.810+05:30  INFO 5640 --- [restartedMain] o.s.b.a.e.web.EndpointLinksResolver      : Exposing 1 endpoint(s) beneath base path '/actuator'
2023-04-25T16:20:43.877+05:30  INFO 5640 --- [restartedMain] o.s.b.w.embedded.tomcat.TomcatWebServer  : Tomcat started on port(s): 9004 (http) with context path ''
2023-04-25T16:20:43.892+05:30  INFO 5640 --- [restartedMain] c.pms.AuthenticationServiceApplication   : Started AuthenticationServiceApplication in 7.034 seconds (process running for 3410.038)
2023-04-25T16:20:43.897+05:30  INFO 5640 --- [restartedMain] .ConditionEvaluationDeltaLoggingListener : Condition evaluation unchanged
2023-04-25T16:20:44.173+05:30  INFO 4600 --- [main] j.LocalContainerEntityManagerFactoryBean : Initialized JPA EntityManagerFactory for persistence unit 'default'
2023-04-25T16:20:45.554+05:30  WARN 4600 --- [main] JpaBaseConfiguration$JpaWebConfiguration : spring.jpa.open-in-view is enabled by default. Therefore, database queries may be performed during view rendering. Explicitly configure spring.jpa.open-in-view to disable this warning
2023-04-25T16:20:49.449+05:30  INFO 4600 --- [main] o.s.b.a.e.web.EndpointLinksResolver      : Exposing 1 endpoint(s) beneath base path '/actuator'
2023-04-25T16:20:49.576+05:30  INFO 4600 --- [main] .p.AuthenticationServiceApplicationTests : Started AuthenticationServiceApplicationTests in 14.999 seconds (process running for 16.799)
2023-04-25T16:20:50.052+05:30  INFO 4600 --- [SpringApplicationShutdownHook] j.LocalContainerEntityManagerFactoryBean : Closing JPA EntityManagerFactory for persistence unit 'default'
2023-04-25T16:20:50.057+05:30  INFO 4600 --- [SpringApplicationShutdownHook] com.zaxxer.hikari.HikariDataSource       : HikariPool-1 - Shutdown initiated...
2023-04-25T16:20:50.156+05:30  INFO 4600 --- [SpringApplicationShutdownHook] com.zaxxer.hikari.HikariDataSource       : HikariPool-1 - Shutdown completed.
2023-04-25T16:23:39.111+05:30  INFO 5640 --- [File Watcher] rtingClassPathChangeChangedEventListener : Restarting due to 17 class path changes (0 additions, 14 deletions, 3 modifications)
2023-04-25T16:23:39.145+05:30  INFO 5640 --- [Thread-13] o.apache.catalina.core.StandardService   : Stopping service [Tomcat]
2023-04-25T16:23:39.159+05:30  INFO 5640 --- [Thread-13] j.LocalContainerEntityManagerFactoryBean : Closing JPA EntityManagerFactory for persistence unit 'default'
2023-04-25T16:23:39.160+05:30  INFO 5640 --- [Thread-13] com.zaxxer.hikari.HikariDataSource       : HikariPool-4 - Shutdown initiated...
2023-04-25T16:23:39.205+05:30  INFO 5640 --- [Thread-13] com.zaxxer.hikari.HikariDataSource       : HikariPool-4 - Shutdown completed.
2023-04-25T16:23:39.385+05:30  INFO 5640 --- [restartedMain] c.pms.AuthenticationServiceApplication   : Starting AuthenticationServiceApplication using Java 17.0.6 with PID 5640 (C:\Users\kushw\Documents\g2-capstone-backend-services\g2-authentication-service\target\classes started by kushw in C:\Users\kushw\Documents\g2-capstone-backend-services\g2-authentication-service)
2023-04-25T16:23:39.386+05:30  INFO 5640 --- [restartedMain] c.pms.AuthenticationServiceApplication   : The following 1 profile is active: "production"
2023-04-25T16:23:40.543+05:30  INFO 5640 --- [restartedMain] .s.d.r.c.RepositoryConfigurationDelegate : Bootstrapping Spring Data JPA repositories in DEFAULT mode.
2023-04-25T16:23:40.545+05:30  INFO 5640 --- [restartedMain] .s.d.r.c.RepositoryConfigurationDelegate : Finished Spring Data repository scanning in 2 ms. Found 0 JPA repository interfaces.
2023-04-25T16:23:40.767+05:30 ERROR 5640 --- [restartedMain] o.s.boot.SpringApplication               : Application run failed

java.lang.NullPointerException: Cannot read field "generatedClass" because "data" is null
	at org.springframework.cglib.proxy.Enhancer.nextInstance(Enhancer.java:783) ~[spring-core-6.0.7.jar:6.0.7]
	at org.springframework.cglib.core.AbstractClassGenerator.create(AbstractClassGenerator.java:317) ~[spring-core-6.0.7.jar:6.0.7]
	at org.springframework.cglib.proxy.Enhancer.createHelper(Enhancer.java:562) ~[spring-core-6.0.7.jar:6.0.7]
	at org.springframework.cglib.proxy.Enhancer.createClass(Enhancer.java:407) ~[spring-core-6.0.7.jar:6.0.7]
	at org.springframework.context.annotation.ConfigurationClassEnhancer.createClass(ConfigurationClassEnhancer.java:138) ~[spring-context-6.0.7.jar:6.0.7]
	at org.springframework.context.annotation.ConfigurationClassEnhancer.enhance(ConfigurationClassEnhancer.java:109) ~[spring-context-6.0.7.jar:6.0.7]
	at org.springframework.context.annotation.ConfigurationClassPostProcessor.enhanceConfigurationClasses(ConfigurationClassPostProcessor.java:514) ~[spring-context-6.0.7.jar:6.0.7]
	at org.springframework.context.annotation.ConfigurationClassPostProcessor.postProcessBeanFactory(ConfigurationClassPostProcessor.java:304) ~[spring-context-6.0.7.jar:6.0.7]
	at org.springframework.context.support.PostProcessorRegistrationDelegate.invokeBeanFactoryPostProcessors(PostProcessorRegistrationDelegate.java:358) ~[spring-context-6.0.7.jar:6.0.7]
	at org.springframework.context.support.PostProcessorRegistrationDelegate.invokeBeanFactoryPostProcessors(PostProcessorRegistrationDelegate.java:150) ~[spring-context-6.0.7.jar:6.0.7]
	at org.springframework.context.support.AbstractApplicationContext.invokeBeanFactoryPostProcessors(AbstractApplicationContext.java:747) ~[spring-context-6.0.7.jar:6.0.7]
	at org.springframework.context.support.AbstractApplicationContext.refresh(AbstractApplicationContext.java:565) ~[spring-context-6.0.7.jar:6.0.7]
	at org.springframework.boot.web.servlet.context.ServletWebServerApplicationContext.refresh(ServletWebServerApplicationContext.java:146) ~[spring-boot-3.0.5.jar:3.0.5]
	at org.springframework.boot.SpringApplication.refresh(SpringApplication.java:732) ~[spring-boot-3.0.5.jar:3.0.5]
	at org.springframework.boot.SpringApplication.refreshContext(SpringApplication.java:434) ~[spring-boot-3.0.5.jar:3.0.5]
	at org.springframework.boot.SpringApplication.run(SpringApplication.java:310) ~[spring-boot-3.0.5.jar:3.0.5]
	at org.springframework.boot.SpringApplication.run(SpringApplication.java:1304) ~[spring-boot-3.0.5.jar:3.0.5]
	at org.springframework.boot.SpringApplication.run(SpringApplication.java:1293) ~[spring-boot-3.0.5.jar:3.0.5]
	at com.pms.AuthenticationServiceApplication.main(AuthenticationServiceApplication.java:13) ~[classes/:na]
	at java.base/jdk.internal.reflect.NativeMethodAccessorImpl.invoke0(Native Method) ~[na:na]
	at java.base/jdk.internal.reflect.NativeMethodAccessorImpl.invoke(NativeMethodAccessorImpl.java:77) ~[na:na]
	at java.base/jdk.internal.reflect.DelegatingMethodAccessorImpl.invoke(DelegatingMethodAccessorImpl.java:43) ~[na:na]
	at java.base/java.lang.reflect.Method.invoke(Method.java:568) ~[na:na]
	at org.springframework.boot.devtools.restart.RestartLauncher.run(RestartLauncher.java:49) ~[spring-boot-devtools-3.0.5.jar:3.0.5]

2023-04-25T16:23:43.741+05:30  INFO 5640 --- [restartedMain] .e.DevToolsPropertyDefaultsPostProcessor : For additional web related logging consider setting the 'logging.level.web' property to 'DEBUG'
2023-04-25T16:23:43.745+05:30  INFO 5640 --- [restartedMain] c.pms.AuthenticationServiceApplication   : Starting AuthenticationServiceApplication using Java 17.0.6 with PID 5640 (C:\Users\kushw\Documents\g2-capstone-backend-services\g2-authentication-service\target\classes started by kushw in C:\Users\kushw\Documents\g2-capstone-backend-services\g2-authentication-service)
2023-04-25T16:23:43.745+05:30  INFO 5640 --- [restartedMain] c.pms.AuthenticationServiceApplication   : The following 1 profile is active: "production"
2023-04-25T16:23:44.385+05:30  INFO 5640 --- [restartedMain] .s.d.r.c.RepositoryConfigurationDelegate : Bootstrapping Spring Data JPA repositories in DEFAULT mode.
2023-04-25T16:23:44.402+05:30  INFO 5640 --- [restartedMain] .s.d.r.c.RepositoryConfigurationDelegate : Finished Spring Data repository scanning in 16 ms. Found 1 JPA repository interfaces.
2023-04-25T16:23:44.543+05:30  INFO 5640 --- [restartedMain] trationDelegate$BeanPostProcessorChecker : Bean 'org.springframework.ws.config.annotation.DelegatingWsConfiguration' of type [org.springframework.ws.config.annotation.DelegatingWsConfiguration$$SpringCGLIB$$0] is not eligible for getting processed by all BeanPostProcessors (for example: not eligible for auto-proxying)
2023-04-25T16:23:44.545+05:30  INFO 5640 --- [restartedMain] .w.s.a.s.AnnotationActionEndpointMapping : Supporting [WS-Addressing August 2004, WS-Addressing 1.0]
2023-04-25T16:23:44.915+05:30  INFO 5640 --- [restartedMain] o.s.b.w.embedded.tomcat.TomcatWebServer  : Tomcat initialized with port(s): 9004 (http)
2023-04-25T16:23:44.916+05:30  INFO 5640 --- [restartedMain] o.apache.catalina.core.StandardService   : Starting service [Tomcat]
2023-04-25T16:23:44.917+05:30  INFO 5640 --- [restartedMain] o.apache.catalina.core.StandardEngine    : Starting Servlet engine: [Apache Tomcat/10.1.7]
2023-04-25T16:23:44.966+05:30  INFO 5640 --- [restartedMain] o.a.c.c.C.[Tomcat].[localhost].[/]       : Initializing Spring embedded WebApplicationContext
2023-04-25T16:23:44.966+05:30  INFO 5640 --- [restartedMain] w.s.c.ServletWebServerApplicationContext : Root WebApplicationContext: initialization completed in 1219 ms
2023-04-25T16:23:45.484+05:30  INFO 5640 --- [restartedMain] com.zaxxer.hikari.HikariDataSource       : HikariPool-5 - Starting...
2023-04-25T16:23:46.137+05:30  INFO 5640 --- [restartedMain] com.zaxxer.hikari.pool.HikariPool        : HikariPool-5 - Added connection com.mysql.cj.jdbc.ConnectionImpl@22cdeba8
2023-04-25T16:23:46.137+05:30  INFO 5640 --- [restartedMain] com.zaxxer.hikari.HikariDataSource       : HikariPool-5 - Start completed.
2023-04-25T16:23:46.138+05:30  INFO 5640 --- [restartedMain] SQL dialect                              : HHH000400: Using dialect: org.hibernate.dialect.MySQL8Dialect
2023-04-25T16:23:46.317+05:30  INFO 5640 --- [restartedMain] j.LocalContainerEntityManagerFactoryBean : Initialized JPA EntityManagerFactory for persistence unit 'default'
2023-04-25T16:23:46.946+05:30  WARN 5640 --- [restartedMain] JpaBaseConfiguration$JpaWebConfiguration : spring.jpa.open-in-view is enabled by default. Therefore, database queries may be performed during view rendering. Explicitly configure spring.jpa.open-in-view to disable this warning
2023-04-25T16:23:47.283+05:30  INFO 10288 --- [main] .p.AuthenticationServiceApplicationTests : Starting AuthenticationServiceApplicationTests using Java 19.0.1 with PID 10288 (started by kushw in C:\Users\kushw\Documents\g2-capstone-backend-services\g2-authentication-service)
2023-04-25T16:23:47.286+05:30  INFO 10288 --- [main] .p.AuthenticationServiceApplicationTests : The following 1 profile is active: "production"
2023-04-25T16:23:49.525+05:30  INFO 10288 --- [main] .s.d.r.c.RepositoryConfigurationDelegate : Bootstrapping Spring Data JPA repositories in DEFAULT mode.
2023-04-25T16:23:49.783+05:30  INFO 10288 --- [main] .s.d.r.c.RepositoryConfigurationDelegate : Finished Spring Data repository scanning in 243 ms. Found 1 JPA repository interfaces.
2023-04-25T16:23:50.110+05:30  WARN 5640 --- [restartedMain] o.s.b.d.a.OptionalLiveReloadServer       : Unable to start LiveReload server
2023-04-25T16:23:50.138+05:30  INFO 5640 --- [restartedMain] o.s.b.a.e.web.EndpointLinksResolver      : Exposing 1 endpoint(s) beneath base path '/actuator'
2023-04-25T16:23:50.243+05:30  INFO 5640 --- [restartedMain] o.s.b.w.embedded.tomcat.TomcatWebServer  : Tomcat started on port(s): 9004 (http) with context path ''
2023-04-25T16:23:50.310+05:30  INFO 5640 --- [restartedMain] c.pms.AuthenticationServiceApplication   : Started AuthenticationServiceApplication in 6.593 seconds (process running for 3596.456)
2023-04-25T16:23:50.322+05:30  INFO 5640 --- [restartedMain] .ConditionEvaluationDeltaLoggingListener : Condition evaluation unchanged
2023-04-25T16:23:50.804+05:30  INFO 10288 --- [main] trationDelegate$BeanPostProcessorChecker : Bean 'org.springframework.ws.config.annotation.DelegatingWsConfiguration' of type [org.springframework.ws.config.annotation.DelegatingWsConfiguration$$SpringCGLIB$$0] is not eligible for getting processed by all BeanPostProcessors (for example: not eligible for auto-proxying)
2023-04-25T16:23:50.856+05:30  INFO 10288 --- [main] .w.s.a.s.AnnotationActionEndpointMapping : Supporting [WS-Addressing August 2004, WS-Addressing 1.0]
2023-04-25T16:23:52.452+05:30  INFO 10288 --- [main] com.zaxxer.hikari.HikariDataSource       : HikariPool-1 - Starting...
2023-04-25T16:23:53.256+05:30  INFO 10288 --- [main] com.zaxxer.hikari.pool.HikariPool        : HikariPool-1 - Added connection com.mysql.cj.jdbc.ConnectionImpl@2a9f8d47
2023-04-25T16:23:53.258+05:30  INFO 10288 --- [main] com.zaxxer.hikari.HikariDataSource       : HikariPool-1 - Start completed.
2023-04-25T16:23:53.295+05:30  INFO 10288 --- [main] SQL dialect                              : HHH000400: Using dialect: org.hibernate.dialect.MySQL8Dialect
2023-04-25T16:23:54.819+05:30  INFO 10288 --- [main] j.LocalContainerEntityManagerFactoryBean : Initialized JPA EntityManagerFactory for persistence unit 'default'
2023-04-25T16:23:56.585+05:30  WARN 10288 --- [main] JpaBaseConfiguration$JpaWebConfiguration : spring.jpa.open-in-view is enabled by default. Therefore, database queries may be performed during view rendering. Explicitly configure spring.jpa.open-in-view to disable this warning
2023-04-25T16:24:00.694+05:30  INFO 10288 --- [main] o.s.b.a.e.web.EndpointLinksResolver      : Exposing 1 endpoint(s) beneath base path '/actuator'
2023-04-25T16:24:00.844+05:30  INFO 10288 --- [main] .p.AuthenticationServiceApplicationTests : Started AuthenticationServiceApplicationTests in 14.084 seconds (process running for 15.724)
2023-04-25T16:24:01.265+05:30  INFO 10288 --- [SpringApplicationShutdownHook] j.LocalContainerEntityManagerFactoryBean : Closing JPA EntityManagerFactory for persistence unit 'default'
2023-04-25T16:24:01.268+05:30  INFO 10288 --- [SpringApplicationShutdownHook] com.zaxxer.hikari.HikariDataSource       : HikariPool-1 - Shutdown initiated...
2023-04-25T16:24:01.278+05:30  INFO 10288 --- [SpringApplicationShutdownHook] com.zaxxer.hikari.HikariDataSource       : HikariPool-1 - Shutdown completed.
